Start testing: Dec 11 21:00 NZDT
----------------------------------------------------------
1/2 Testing: date_util_unit_test
1/2 Test: date_util_unit_test
Command: "/home/noddy/astrolog_clone/build/astro-cli/test_date_util"
Directory: /home/noddy/astrolog_clone/build/astro-cli
"date_util_unit_test" start time: Dec 11 21:00 NZDT
Output:
----------------------------------------------------------
ALL TESTS PASSED
Tests run: 4
<end of output>
Test time =   0.00 sec
----------------------------------------------------------
Test Passed.
"date_util_unit_test" end time: Dec 11 21:00 NZDT
"date_util_unit_test" time elapsed: 00:00:00
----------------------------------------------------------

2/2 Testing: smoke_test
2/2 Test: smoke_test
Command: "/usr/bin/cmake" "--build" "." "--target" "smoke_test_target"
Directory: /home/noddy/astrolog_clone/build
"smoke_test" start time: Dec 11 21:00 NZDT
Output:
----------------------------------------------------------
[ 80%] Built target astrolog_core
[100%] Built target astro
[PASS] help prints usage
Error: Failed to parse astrolog output.
[FAIL] data positions
gmake[3]: *** [astro-cli/CMakeFiles/smoke_test_target.dir/build.make:70: astro-cli/CMakeFiles/smoke_test_target] Error 1
gmake[2]: *** [CMakeFiles/Makefile2:209: astro-cli/CMakeFiles/smoke_test_target.dir/all] Error 2
gmake[1]: *** [CMakeFiles/Makefile2:216: astro-cli/CMakeFiles/smoke_test_target.dir/rule] Error 2
gmake: *** [Makefile:186: smoke_test_target] Error 2
<end of output>
Test time =   0.08 sec
----------------------------------------------------------
Test Failed.
"smoke_test" end time: Dec 11 21:00 NZDT
"smoke_test" time elapsed: 00:00:00
----------------------------------------------------------

End testing: Dec 11 21:00 NZDT
